{
  "stats": {
    "suites": 11,
    "tests": 8,
    "passes": 8,
    "pending": 0,
    "failures": 0,
    "start": "2017-12-29T01:28:07.432Z",
    "end": "2017-12-29T01:28:07.459Z",
    "duration": 27,
    "testsRegistered": 8,
    "passPercent": 100,
    "pendingPercent": 0,
    "other": 0,
    "hasOther": false,
    "skipped": 0,
    "hasSkipped": false,
    "passPercentClass": "success",
    "pendingPercentClass": "danger"
  },
  "suites": {
    "uuid": "7ff3b55a-ffdb-40e9-94e5-0ebab872ed29",
    "title": "",
    "fullFile": "",
    "file": "",
    "beforeHooks": [],
    "afterHooks": [],
    "tests": [],
    "suites": [
      {
        "uuid": "3249a067-0bba-4abb-bcb9-1bf4fc9c40bb",
        "title": "User",
        "fullFile": "E:\\MJTemplate\\client\\Tests\\src\\test_anysc.test.ts",
        "file": "\\src\\test_anysc.test.ts",
        "beforeHooks": [],
        "afterHooks": [],
        "tests": [],
        "suites": [
          {
            "uuid": "6361b4c6-45e7-4838-8082-984235729bd1",
            "title": "#save()",
            "fullFile": "E:\\MJTemplate\\client\\Tests\\src\\test_anysc.test.ts",
            "file": "\\src\\test_anysc.test.ts",
            "beforeHooks": [],
            "afterHooks": [],
            "tests": [
              {
                "title": "should save without error",
                "fullTitle": "User #save() should save without error",
                "timedOut": false,
                "duration": 1,
                "state": "passed",
                "speed": "fast",
                "pass": true,
                "fail": false,
                "pending": false,
                "code": "var user = new User('Lua');\nuser.save(function (err) {\n    if (err)\n        throw err;\n    done();\n});",
                "err": {},
                "isRoot": false,
                "uuid": "7d0a67f2-9502-4c9f-8d8d-b577332be877",
                "isHook": false,
                "skipped": false
              }
            ],
            "suites": [],
            "passes": [
              "7d0a67f2-9502-4c9f-8d8d-b577332be877"
            ],
            "failures": [],
            "pending": [],
            "skipped": [],
            "duration": 1,
            "root": false,
            "rootEmpty": false,
            "_timeout": 2000
          }
        ],
        "passes": [],
        "failures": [],
        "pending": [],
        "skipped": [],
        "duration": 0,
        "root": false,
        "rootEmpty": false,
        "_timeout": 2000
      },
      {
        "uuid": "113ad20e-be68-49e4-b191-b032720edd59",
        "title": "Hello function",
        "fullFile": "E:\\MJTemplate\\client\\Tests\\src\\test_hello.test.ts",
        "file": "\\src\\test_hello.test.ts",
        "beforeHooks": [],
        "afterHooks": [],
        "tests": [
          {
            "title": "should return hello world",
            "fullTitle": "Hello function should return hello world",
            "timedOut": false,
            "duration": 1,
            "state": "passed",
            "speed": "fast",
            "pass": true,
            "fail": false,
            "pending": false,
            "code": "var result = hello_1.default();\nchai_1.expect(result).to.equal(\"Hello World!\");",
            "err": {},
            "isRoot": false,
            "uuid": "2c1fccf9-c689-4915-a9e1-5e02c909ad7d",
            "isHook": false,
            "skipped": false
          }
        ],
        "suites": [],
        "passes": [
          "2c1fccf9-c689-4915-a9e1-5e02c909ad7d"
        ],
        "failures": [],
        "pending": [],
        "skipped": [],
        "duration": 1,
        "root": false,
        "rootEmpty": false,
        "_timeout": 2000
      },
      {
        "uuid": "fbd73691-204e-4245-a9db-0dbd9546d678",
        "title": "hooks",
        "fullFile": "E:\\MJTemplate\\client\\Tests\\src\\test_hook.test.ts",
        "file": "\\src\\test_hook.test.ts",
        "beforeHooks": [
          {
            "title": "\"before all\" hook",
            "fullTitle": "hooks \"before all\" hook",
            "timedOut": false,
            "duration": 0,
            "pass": false,
            "fail": false,
            "pending": false,
            "code": "// runs before all tests in this block\nconsole.log(\"before\");",
            "err": {},
            "isRoot": false,
            "uuid": "8f9ca3df-824b-4bf8-bcf4-2ae317eff1eb",
            "isHook": true,
            "skipped": false
          },
          {
            "title": "\"before each\" hook",
            "fullTitle": "hooks \"before each\" hook",
            "timedOut": false,
            "duration": 0,
            "pass": false,
            "fail": false,
            "pending": false,
            "code": "// runs before each test in this block\nconsole.log(\"beforeEach\");",
            "err": {},
            "isRoot": false,
            "uuid": "7f0650c1-5ee2-40e9-a2d7-c31ec7da0309",
            "isHook": true,
            "skipped": false
          }
        ],
        "afterHooks": [
          {
            "title": "\"after all\" hook",
            "fullTitle": "hooks \"after all\" hook",
            "timedOut": false,
            "duration": 0,
            "pass": false,
            "fail": false,
            "pending": false,
            "code": "// runs after all tests in this block\nconsole.log(\"after\");",
            "err": {},
            "isRoot": false,
            "uuid": "080b0563-b151-4720-8e88-e24684a1aa82",
            "isHook": true,
            "skipped": false
          },
          {
            "title": "\"after each\" hook",
            "fullTitle": "hooks \"after each\" hook",
            "timedOut": false,
            "duration": 0,
            "pass": false,
            "fail": false,
            "pending": false,
            "code": "// runs after each test in this block\nconsole.log(\"afterEach\");",
            "err": {},
            "isRoot": false,
            "uuid": "57283f60-f1d2-44fb-aaca-df2b25de4026",
            "isHook": true,
            "skipped": false
          }
        ],
        "tests": [],
        "suites": [],
        "passes": [],
        "failures": [],
        "pending": [],
        "skipped": [],
        "duration": 0,
        "root": false,
        "rootEmpty": false,
        "_timeout": 2000
      },
      {
        "uuid": "2c6ea4a2-2b31-48a4-8b41-e1f5a658c505",
        "title": "SendLoginRequeset",
        "fullFile": "E:\\MJTemplate\\client\\Tests\\src\\test_http.test.ts",
        "file": "\\src\\test_http.test.ts",
        "beforeHooks": [],
        "afterHooks": [],
        "tests": [
          {
            "title": "should return hello world",
            "fullTitle": "SendLoginRequeset should return hello world",
            "timedOut": false,
            "duration": 0,
            "state": "passed",
            "speed": "fast",
            "pass": true,
            "fail": false,
            "pending": false,
            "code": "//   let ctrl = new H.A();\n//   let myValidator = new validator();\n//   let name = \"123\";\nvar psw = \"112233\";\n//   ctrl.sendDebugLoginReq(name,psw);\nchai_1.expect(psw).to.equal(\"112233\");",
            "err": {},
            "isRoot": false,
            "uuid": "0b908444-edb7-42d4-a934-696b96189771",
            "isHook": false,
            "skipped": false
          }
        ],
        "suites": [],
        "passes": [
          "0b908444-edb7-42d4-a934-696b96189771"
        ],
        "failures": [],
        "pending": [],
        "skipped": [],
        "duration": 0,
        "root": false,
        "rootEmpty": false,
        "_timeout": 2000
      },
      {
        "uuid": "85054e2f-df5b-4ac3-ad18-7aa7a843e309",
        "title": "Arrayonly",
        "fullFile": "E:\\MJTemplate\\client\\Tests\\src\\test_only.test.ts",
        "file": "\\src\\test_only.test.ts",
        "beforeHooks": [],
        "afterHooks": [],
        "tests": [],
        "suites": [
          {
            "uuid": "41a86597-655f-4b9e-8bb5-299755d908d7",
            "title": "#indexof()",
            "fullFile": "E:\\MJTemplate\\client\\Tests\\src\\test_only.test.ts",
            "file": "\\src\\test_only.test.ts",
            "beforeHooks": [],
            "afterHooks": [],
            "tests": [
              {
                "title": "should return -1 unless present",
                "fullTitle": "Arrayonly #indexof() should return -1 unless present",
                "timedOut": false,
                "duration": 0,
                "state": "passed",
                "speed": "fast",
                "pass": true,
                "fail": false,
                "pending": false,
                "code": "chai_1.assert.equal(-1, [1, 2, 3].indexOf(5));",
                "err": {},
                "isRoot": false,
                "uuid": "1821886f-9862-4612-8ad5-454462db645d",
                "isHook": false,
                "skipped": false
              },
              {
                "title": "should return the index when present",
                "fullTitle": "Arrayonly #indexof() should return the index when present",
                "timedOut": false,
                "duration": 0,
                "state": "passed",
                "speed": "fast",
                "pass": true,
                "fail": false,
                "pending": false,
                "code": "// this.skip();\n// assert.equal(-1, [1, 2, 3].indexOf(1));",
                "err": {},
                "isRoot": false,
                "uuid": "924e9ebb-2ec8-4261-a829-bc7ab4ce169d",
                "isHook": false,
                "skipped": false
              }
            ],
            "suites": [],
            "passes": [
              "1821886f-9862-4612-8ad5-454462db645d",
              "924e9ebb-2ec8-4261-a829-bc7ab4ce169d"
            ],
            "failures": [],
            "pending": [],
            "skipped": [],
            "duration": 0,
            "root": false,
            "rootEmpty": false,
            "_timeout": 2000
          }
        ],
        "passes": [],
        "failures": [],
        "pending": [],
        "skipped": [],
        "duration": 0,
        "root": false,
        "rootEmpty": false,
        "_timeout": 2000
      },
      {
        "uuid": "dc8e1db3-4918-4dfd-b9ca-fe47ee87f4cb",
        "title": "retries",
        "fullFile": "E:\\MJTemplate\\client\\Tests\\src\\test_retries.test.ts",
        "file": "\\src\\test_retries.test.ts",
        "beforeHooks": [
          {
            "title": "\"before each\" hook",
            "fullTitle": "retries \"before each\" hook",
            "timedOut": false,
            "duration": 0,
            "pass": false,
            "fail": false,
            "pending": false,
            "code": "// HttpTest.get('http://www.yahoo.com');\n//  browser.get('http://www.yahoo.com');",
            "err": {},
            "isRoot": false,
            "uuid": "00447ef6-eb1b-468c-9eaf-62aab50b5a49",
            "isHook": true,
            "skipped": false
          }
        ],
        "afterHooks": [],
        "tests": [
          {
            "title": "should succeed on the 3rd try",
            "fullTitle": "retries should succeed on the 3rd try",
            "timedOut": false,
            "duration": 0,
            "state": "passed",
            "speed": "fast",
            "pass": true,
            "fail": false,
            "pending": false,
            "code": "this.retries(2);\n// expect($('.foo').isDisplayed()).to.eventually.be.true;",
            "err": {},
            "isRoot": false,
            "uuid": "3af70a35-eb24-4b12-81b4-5d30408e4cd3",
            "isHook": false,
            "skipped": false
          }
        ],
        "suites": [],
        "passes": [
          "3af70a35-eb24-4b12-81b4-5d30408e4cd3"
        ],
        "failures": [],
        "pending": [],
        "skipped": [],
        "duration": 0,
        "root": false,
        "rootEmpty": false,
        "_timeout": 2000
      },
      {
        "uuid": "3d3cc83a-c38d-4bc3-882e-401ae7dfc929",
        "title": "Array",
        "fullFile": "E:\\MJTemplate\\client\\Tests\\src\\test01_test.test.ts",
        "file": "\\src\\test01_test.test.ts",
        "beforeHooks": [],
        "afterHooks": [],
        "tests": [],
        "suites": [
          {
            "uuid": "48d7cdaf-4595-47da-9b4f-6ffdf4080ac0",
            "title": "#indexOf()",
            "fullFile": "E:\\MJTemplate\\client\\Tests\\src\\test01_test.test.ts",
            "file": "\\src\\test01_test.test.ts",
            "beforeHooks": [],
            "afterHooks": [],
            "tests": [
              {
                "title": "should return -1 when the value is not present",
                "fullTitle": "Array #indexOf() should return -1 when the value is not present",
                "timedOut": false,
                "duration": 0,
                "state": "passed",
                "speed": "fast",
                "pass": true,
                "fail": false,
                "pending": false,
                "code": "chai_1.assert.equal(-1, [1, 2, 3].indexOf(5));\nchai_1.assert.equal(-1, [1, 2, 3].indexOf(0));\n// [1, 2, 3].indexOf(5).should.equal(-1);\n// [1, 2, 3].indexOf(0).should.equal(-1);",
                "err": {},
                "isRoot": false,
                "uuid": "144c5c58-c8c0-427c-8ce8-ab9f7a8351e0",
                "isHook": false,
                "skipped": false
              }
            ],
            "suites": [],
            "passes": [
              "144c5c58-c8c0-427c-8ce8-ab9f7a8351e0"
            ],
            "failures": [],
            "pending": [],
            "skipped": [],
            "duration": 0,
            "root": false,
            "rootEmpty": false,
            "_timeout": 2000
          }
        ],
        "passes": [],
        "failures": [],
        "pending": [],
        "skipped": [],
        "duration": 0,
        "root": false,
        "rootEmpty": false,
        "_timeout": 2000
      },
      {
        "uuid": "dd384856-fa13-48de-a0dd-6908d7c58d7c",
        "title": "Array1",
        "fullFile": "E:\\MJTemplate\\client\\Tests\\src\\test01_test.test.ts",
        "file": "\\src\\test01_test.test.ts",
        "beforeHooks": [],
        "afterHooks": [],
        "tests": [],
        "suites": [
          {
            "uuid": "a738e17e-7da3-4703-8e3a-803dfd19bc46",
            "title": "#indexOf()",
            "fullFile": "E:\\MJTemplate\\client\\Tests\\src\\test01_test.test.ts",
            "file": "\\src\\test01_test.test.ts",
            "beforeHooks": [
              {
                "title": "\"before all\" hook",
                "fullTitle": "Array1 #indexOf() \"before all\" hook",
                "timedOut": false,
                "duration": 0,
                "pass": false,
                "fail": false,
                "pending": false,
                "code": "// runs before all tests in this block\n// console.log(\"before\");",
                "err": {},
                "isRoot": false,
                "uuid": "e8147a8f-e8ff-47c2-9dc7-77e8862bc97b",
                "isHook": true,
                "skipped": false
              },
              {
                "title": "\"before each\" hook",
                "fullTitle": "Array1 #indexOf() \"before each\" hook",
                "timedOut": false,
                "duration": 0,
                "pass": false,
                "fail": false,
                "pending": false,
                "code": "// runs before each test in this block\n// console.log(\"beforeEach\");",
                "err": {},
                "isRoot": false,
                "uuid": "92f23a3b-dbfc-4999-93f4-f2e4ef3132b9",
                "isHook": true,
                "skipped": false
              }
            ],
            "afterHooks": [
              {
                "title": "\"after all\" hook",
                "fullTitle": "Array1 #indexOf() \"after all\" hook",
                "timedOut": false,
                "duration": 0,
                "pass": false,
                "fail": false,
                "pending": false,
                "code": "// runs after all tests in this block\n// console.log(\"after\");",
                "err": {},
                "isRoot": false,
                "uuid": "3b0cb608-ef73-4e87-abda-fbac236deb9d",
                "isHook": true,
                "skipped": false
              },
              {
                "title": "\"after each\" hook",
                "fullTitle": "Array1 #indexOf() \"after each\" hook",
                "timedOut": false,
                "duration": 0,
                "pass": false,
                "fail": false,
                "pending": false,
                "code": "// runs after each test in this block\n// console.log(\"afterEach\");",
                "err": {},
                "isRoot": false,
                "uuid": "79b7f8c7-9014-4a54-b804-557eec8af76f",
                "isHook": true,
                "skipped": false
              }
            ],
            "tests": [
              {
                "title": "should return -1 when the value is not present",
                "fullTitle": "Array1 #indexOf() should return -1 when the value is not present",
                "timedOut": false,
                "duration": 0,
                "state": "passed",
                "speed": "fast",
                "pass": true,
                "fail": false,
                "pending": false,
                "code": "chai_1.assert.equal(-1, [1, 2, 3].indexOf(5));\nchai_1.assert.equal(-1, [1, 2, 3].indexOf(0));\n// [1, 2, 3].indexOf(5).should.equal(-1);\n// [1, 2, 3].indexOf(0).should.equal(-1);",
                "err": {},
                "isRoot": false,
                "uuid": "c999a66a-a871-4aa1-87e0-4317f0b15cb3",
                "isHook": false,
                "skipped": false
              }
            ],
            "suites": [],
            "passes": [
              "c999a66a-a871-4aa1-87e0-4317f0b15cb3"
            ],
            "failures": [],
            "pending": [],
            "skipped": [],
            "duration": 0,
            "root": false,
            "rootEmpty": false,
            "_timeout": 2000
          }
        ],
        "passes": [],
        "failures": [],
        "pending": [],
        "skipped": [],
        "duration": 0,
        "root": false,
        "rootEmpty": false,
        "_timeout": 2000
      }
    ],
    "passes": [],
    "failures": [],
    "pending": [],
    "skipped": [],
    "duration": 0,
    "root": true,
    "rootEmpty": true,
    "_timeout": 2000
  },
  "copyrightYear": 2017
}